C:\USERS\DZP\DOCUMENTS\VISUAL STUDIO 2012\PROJECTS\FACEDETECTWCP\FACEDETECTWCP\X64\DEBUG\MAIN.OBJ
C:\USERS\DZP\DOCUMENTS\VISUAL STUDIO 2012\PROJECTS\FACEDETECTWCP\FACEDETECTWCP\X64\DEBUG\VC110.PDB
C:\USERS\DZP\DOCUMENTS\VISUAL STUDIO 2012\PROJECTS\FACEDETECTWCP\X64\DEBUG\FACEDETECTWCP.ILK
C:\USERS\DZP\DOCUMENTS\VISUAL STUDIO 2012\PROJECTS\FACEDETECTWCP\X64\DEBUG\FACEDETECTWCP.EXE
C:\USERS\DZP\DOCUMENTS\VISUAL STUDIO 2012\PROJECTS\FACEDETECTWCP\X64\DEBUG\FACEDETECTWCP.PDB
C:\Users\DZP\Documents\Visual Studio 2012\Projects\faceDetectWCP\faceDetectWCP\x64\Debug\main.obj
C:\Users\DZP\Documents\Visual Studio 2012\Projects\faceDetectWCP\faceDetectWCP\x64\Debug\cl.command.1.tlog
C:\Users\DZP\Documents\Visual Studio 2012\Projects\faceDetectWCP\faceDetectWCP\x64\Debug\CL.read.1.tlog
C:\Users\DZP\Documents\Visual Studio 2012\Projects\faceDetectWCP\faceDetectWCP\x64\Debug\CL.write.1.tlog
C:\Users\DZP\Documents\Visual Studio 2012\Projects\faceDetectWCP\faceDetectWCP\x64\Debug\link-cvtres.read.1.tlog
C:\Users\DZP\Documents\Visual Studio 2012\Projects\faceDetectWCP\faceDetectWCP\x64\Debug\link-cvtres.write.1.tlog
C:\Users\DZP\Documents\Visual Studio 2012\Projects\faceDetectWCP\faceDetectWCP\x64\Debug\link-rc.read.1.tlog
C:\Users\DZP\Documents\Visual Studio 2012\Projects\faceDetectWCP\faceDetectWCP\x64\Debug\link-rc.write.1.tlog
C:\Users\DZP\Documents\Visual Studio 2012\Projects\faceDetectWCP\faceDetectWCP\x64\Debug\link.command.1.tlog
C:\Users\DZP\Documents\Visual Studio 2012\Projects\faceDetectWCP\faceDetectWCP\x64\Debug\link.read.1.tlog
C:\Users\DZP\Documents\Visual Studio 2012\Projects\faceDetectWCP\faceDetectWCP\x64\Debug\link.write.1.tlog
C:\Users\DZP\Documents\Visual Studio 2012\Projects\faceDetectWCP\faceDetectWCP\x64\Debug\vc110.idb
C:\Users\DZP\Documents\Visual Studio 2012\Projects\faceDetectWCP\faceDetectWCP\x64\Debug\vc110.pdb
C:\Users\DZP\Documents\Visual Studio 2012\Projects\faceDetectWCP\x64\Debug\faceDetectWCP.pdb
C:\Users\DZP\Documents\Visual Studio 2012\Projects\faceDetectWCP\x64\Debug\faceDetectWCP.exe
C:\Users\DZP\Documents\Visual Studio 2012\Projects\faceDetectWCP\x64\Debug\faceDetectWCP.ilk
