  main.cpp
c:\users\dzp\documents\visual studio 2012\projects\facedetectwcp\facedetectwcp\opencv2/core/mat.hpp(1413): warning C4819: 该文件包含不能在当前代码页(936)中表示的字符。请将该文件保存为 Unicode 格式以防止数据丢失
c:\users\dzp\documents\visual studio 2012\projects\facedetectwcp\facedetectwcp\FaceDetection.h(35): warning C4251: “CFaceDetection::m_strClassifier_Model”: class“std::basic_string<_Elem,_Traits,_Alloc>”需要有 dll 接口由 class“CFaceDetection”的客户端使用
          with
          [
              _Elem=char,
              _Traits=std::char_traits<char>,
              _Alloc=std::allocator<char>
          ]
main.cpp(17): warning C4244: “参数”: 从“double”转换到“float”，可能丢失数据
main.cpp(37): warning C4244: “初始化”: 从“double”转换到“float”，可能丢失数据
main.cpp(43): warning C4244: “=”: 从“float”转换到“int”，可能丢失数据
main.cpp(44): warning C4244: “=”: 从“float”转换到“int”，可能丢失数据
main.cpp(45): warning C4244: “=”: 从“float”转换到“int”，可能丢失数据
main.cpp(46): warning C4244: “=”: 从“float”转换到“int”，可能丢失数据
main.cpp(73): warning C4267: “=”: 从“size_t”转换到“int”，可能丢失数据
main.cpp(74): warning C4129: “.”: 不可识别的字符转义序列
main.cpp(74): warning C4267: “=”: 从“size_t”转换到“int”，可能丢失数据
main.cpp(135): warning C4244: “参数”: 从“int”转换到“float”，可能丢失数据
  正在生成代码
  已完成代码的生成
  faceDetectWCP.vcxproj -> C:\Users\DZP\Documents\Visual Studio 2012\Projects\faceDetectWCP\x64\Release\faceDetectWCP.exe
